[debug] [2020-03-06T13:19:45.900Z] ----------------------------------------------------------------------
[debug] [2020-03-06T13:19:45.902Z] Command:       C:\Program Files\nodejs\node.exe C:\Users\PacoCroket\AppData\Roaming\npm\node_modules\firebase-tools\lib\bin\firebase.js deploy --only hosting
[debug] [2020-03-06T13:19:45.902Z] CLI Version:   7.14.0
[debug] [2020-03-06T13:19:45.902Z] Platform:      win32
[debug] [2020-03-06T13:19:45.902Z] Node Version:  v12.16.1
[debug] [2020-03-06T13:19:45.903Z] Time:          Fri Mar 06 2020 14:19:45 GMT+0100 (Central European Standard Time)
[debug] [2020-03-06T13:19:45.903Z] ----------------------------------------------------------------------
[debug] [2020-03-06T13:19:45.903Z] 
[debug] [2020-03-06T13:19:45.911Z] > command requires scopes: ["email","openid","https://www.googleapis.com/auth/cloudplatformprojects.readonly","https://www.googleapis.com/auth/firebase","https://www.googleapis.com/auth/cloud-platform"]
[debug] [2020-03-06T13:19:45.911Z] > authorizing via signed-in user
[debug] [2020-03-06T13:19:45.911Z] [iam] checking project noise2led for permissions ["firebase.projects.get","firebasehosting.sites.update"]
[debug] [2020-03-06T13:19:45.912Z] > refreshing access token with scopes: ["email","https://www.googleapis.com/auth/cloud-platform","https://www.googleapis.com/auth/cloudplatformprojects.readonly","https://www.googleapis.com/auth/firebase","openid"]
[debug] [2020-03-06T13:19:45.913Z] >>> HTTP REQUEST POST https://www.googleapis.com/oauth2/v3/token  
 <request body omitted>
[debug] [2020-03-06T13:19:46.118Z] <<< HTTP RESPONSE 200
[debug] [2020-03-06T13:19:46.126Z] >>> HTTP REQUEST POST https://cloudresourcemanager.googleapis.com/v1/projects/noise2led:testIamPermissions  

[debug] [2020-03-06T13:19:46.497Z] <<< HTTP RESPONSE 200
[debug] [2020-03-06T13:19:46.499Z] >>> HTTP REQUEST GET https://firebase.googleapis.com/v1beta1/projects/noise2led  
 
[debug] [2020-03-06T13:19:46.925Z] <<< HTTP RESPONSE 200
[info] 
[info] === Deploying to 'noise2led'...
[info] 
[info] i  deploying hosting
[debug] [2020-03-06T13:19:49.056Z] >>> HTTP REQUEST POST https://firebasehosting.googleapis.com/v1beta1/sites/noise2led/versions  

[debug] [2020-03-06T13:19:50.797Z] <<< HTTP RESPONSE 200
[info] i  hosting[noise2led]: beginning deploy...
[info] i  hosting[noise2led]: found 18 files in build
[debug] [2020-03-06T13:19:50.818Z] [hosting] hash cache [YnVpbGQ] stored for 18 files
[debug] [2020-03-06T13:19:50.818Z] [hosting][hash queue][FINAL]
[debug] [2020-03-06T13:19:50.819Z] >>> HTTP REQUEST POST https://firebasehosting.googleapis.com/v1beta1/sites/noise2led/versions/23a4e0f2126b0b76:populateFiles  
 <request body omitted>
[debug] [2020-03-06T13:19:51.997Z] <<< HTTP RESPONSE 200
[debug] [2020-03-06T13:19:51.997Z] [hosting][populate queue][FINAL]
[debug] [2020-03-06T13:19:51.998Z] [hosting] uploads queued: 0
[debug] [2020-03-06T13:19:51.998Z] [hosting][upload queue][FINAL]
[info] +  hosting[noise2led]: file upload complete
[debug] [2020-03-06T13:19:51.999Z] [hosting] deploy completed after 1200ms
[debug] [2020-03-06T13:19:52.121Z] [
  {
    "config": {
      "public": "build",
      "ignore": [
        "firebase.json",
        "**/.*",
        "**/node_modules/**"
      ],
      "rewrites": [
        {
          "source": "**",
          "destination": "/index.html"
        }
      ],
      "site": "noise2led"
    },
    "site": "noise2led",
    "version": "sites/noise2led/versions/23a4e0f2126b0b76"
  }
]
[info] i  hosting[noise2led]: finalizing version...
[debug] [2020-03-06T13:19:52.122Z] >>> HTTP REQUEST PATCH https://firebasehosting.googleapis.com/v1beta1/sites/noise2led/versions/23a4e0f2126b0b76?updateMask=status  

